2023-06-09 23:51:58,713 ERROR [main] c.e.e.e.util.AppStartupEvent - Error message
2023-06-09 23:53:46,289 ERROR [main] c.e.e.e.util.AppStartupEvent - ---------Error message-----------
2023-06-09 23:56:57,265 ERROR [main] c.e.e.e.util.AppStartupEvent - ---------Error message-----------
2023-06-10 00:01:25,045 ERROR [main] c.e.e.e.util.AppStartupEvent - ---------Error message-----------
2023-06-10 00:17:38,693 ERROR [main] c.e.e.e.util.AppStartupEvent - ---------Error message-----------
2023-06-10 00:18:04,451 ERROR [main] c.e.e.e.util.AppStartupEvent - ---------Error message-----------
2023-06-10 00:19:33,589 ERROR [main] c.e.e.e.util.AppStartupEvent - ---------Error message-----------
2023-06-10 08:57:06,450 ERROR [main] c.e.e.e.util.AppStartupEvent - ---------Error message-----------
2023-06-10 08:59:19,420 ERROR [main] c.e.e.e.util.AppStartupEvent - ---------Error message-----------
2023-06-10 09:19:10,093 ERROR [main] c.e.e.e.util.AppStartupEvent - ---------Error message-----------
2023-06-10 09:19:58,265 ERROR [main] c.e.e.e.util.AppStartupEvent - ---------Error message-----------
2023-06-10 09:20:17,898 ERROR [main] c.e.e.e.util.AppStartupEvent - ---------Error message-----------
2023-06-10 09:20:27,527 ERROR [main] c.e.e.e.util.AppStartupEvent - ---------Error message-----------
2023-06-10 09:21:04,309 ERROR [main] c.e.e.e.util.AppStartupEvent - ---------Error message-----------
2023-06-10 09:22:15,778 ERROR [main] c.e.e.e.util.AppStartupEvent - ---------Error message-----------
2023-06-10 09:23:39,385 ERROR [main] c.e.e.e.util.AppStartupEvent - ---------Error message-----------
2023-06-10 09:24:13,628 ERROR [main] c.e.e.e.util.AppStartupEvent - ---------Error message-----------
2023-06-10 09:25:12,651 ERROR [main] c.e.e.e.util.AppStartupEvent - ---------Error message-----------
2023-06-10 09:28:24,067 ERROR [main] c.e.e.e.util.AppStartupEvent - ---------Error message-----------
2023-06-10 09:33:30,575 ERROR [main] c.e.e.e.util.AppStartupEvent - ---------Error message-----------
2023-06-10 09:34:43,884 ERROR [main] c.e.e.e.util.AppStartupEvent - ---------Error message-----------
2023-06-10 09:34:50,977 ERROR [main] c.e.e.e.util.AppStartupEvent - ---------Error message-----------
2023-06-10 09:36:05,582 ERROR [main] c.e.e.e.util.AppStartupEvent - ---------Error message-----------
2023-06-10 09:39:21,957 ERROR [main] c.e.e.e.util.AppStartupEvent - ---------Error message-----------
2023-06-10 09:40:07,454 ERROR [main] c.e.e.e.util.AppStartupEvent - ---------Error message-----------
2023-06-10 09:41:53,312 ERROR [main] c.e.e.e.util.AppStartupEvent - ---------Error message-----------
2023-06-10 09:44:37,556 ERROR [main] c.e.e.e.util.AppStartupEvent - ---------Error message-----------
2023-06-10 09:45:12,886 ERROR [main] c.e.e.e.util.AppStartupEvent - ---------Error message-----------
2023-06-10 09:46:25,157 ERROR [main] c.e.e.e.util.AppStartupEvent - ---------Error message-----------
2023-06-10 09:47:46,748 ERROR [main] c.e.e.e.util.AppStartupEvent - ---------Error message-----------
2023-06-10 09:49:35,720 ERROR [main] c.e.e.e.util.AppStartupEvent - ---------Error message-----------
2023-06-10 10:14:07,942 ERROR [main] c.e.e.e.util.AppStartupEvent - ---------Error message-----------
2023-06-10 10:16:50,453 ERROR [main] c.e.e.e.util.AppStartupEvent - ---------Error message-----------
2023-06-10 10:20:34,727 ERROR [main] c.e.e.e.util.AppStartupEvent - ---------Error message-----------
2023-06-10 11:07:49,821 ERROR [main] c.e.e.e.util.AppStartupEvent - ---------Error message-----------
2023-06-10 11:20:48,700 ERROR [main] c.e.e.e.util.AppStartupEvent - ---------Error message-----------
2023-06-10 11:25:46,283 ERROR [main] c.e.e.e.util.AppStartupEvent - ---------Error message-----------
2023-06-10 11:29:38,368 ERROR [main] c.e.e.e.util.AppStartupEvent - ---------Error message-----------
2023-06-10 11:51:02,199 ERROR [main] c.e.e.e.util.AppStartupEvent - ---------Error message-----------
2023-06-10 12:00:29,752 ERROR [main] c.e.e.e.util.AppStartupEvent - ---------Error message-----------
2023-06-10 12:04:06,782 ERROR [main] c.e.e.e.util.AppStartupEvent - ---------Error message-----------
2023-06-10 12:07:29,755 ERROR [main] c.e.e.e.util.AppStartupEvent - ---------Error message-----------
2023-06-10 12:08:12,622 ERROR [main] c.e.e.e.util.AppStartupEvent - ---------Error message-----------
2023-06-10 12:08:23,165 ERROR [main] c.e.e.e.util.AppStartupEvent - ---------Error message-----------
2023-06-10 12:08:40,765 ERROR [main] c.e.e.e.util.AppStartupEvent - ---------Error message-----------
2023-06-10 12:13:31,590 ERROR [main] c.e.e.e.util.AppStartupEvent - ---------Error message-----------
2023-06-10 16:26:30,777 ERROR [main] c.e.e.e.util.AppStartupEvent - ---------Error message-----------
2023-06-10 17:43:49,829 ERROR [main] c.e.e.e.util.AppStartupEvent - ---------Error message-----------
2023-06-11 08:17:33,075 ERROR [main] c.e.e.e.util.AppStartupEvent - ---------Error message-----------
2023-06-11 08:19:45,040 ERROR [main] c.e.e.e.util.AppStartupEvent - ---------Error message-----------
2023-06-11 08:21:37,482 ERROR [main] c.e.e.e.util.AppStartupEvent - ---------Error message-----------
2023-06-11 08:27:49,155 ERROR [main] c.e.e.e.util.AppStartupEvent - ---------Error message-----------
2023-06-11 08:28:44,091 ERROR [main] c.e.e.e.util.AppStartupEvent - ---------Error message-----------
2023-06-11 08:34:57,291 ERROR [main] c.e.e.e.util.AppStartupEvent - ---------Error message-----------
2023-06-11 09:47:55,981 ERROR [main] c.e.e.e.util.AppStartupEvent - ---------Error message-----------
2023-06-11 09:51:47,928 ERROR [main] c.e.e.e.util.AppStartupEvent - ---------Error message-----------
2023-06-11 09:54:18,761 ERROR [main] c.e.e.e.util.AppStartupEvent - ---------Error message-----------
2023-06-11 10:23:50,737 ERROR [main] c.e.e.e.util.AppStartupEvent - ---------Error message-----------
2023-06-11 10:26:14,325 ERROR [main] c.e.e.e.util.AppStartupEvent - ---------Error message-----------
2023-06-11 10:32:12,814 ERROR [main] c.e.e.e.util.AppStartupEvent - ---------Error message-----------
2023-06-11 10:33:12,232 ERROR [main] c.e.e.e.util.AppStartupEvent - ---------Error message-----------
2023-06-11 10:33:42,650 ERROR [main] c.e.e.e.util.AppStartupEvent - ---------Error message-----------
2023-06-11 10:33:54,884 ERROR [main] c.e.e.e.util.AppStartupEvent - ---------Error message-----------
2023-06-11 10:40:12,029 ERROR [main] c.e.e.e.util.AppStartupEvent - ---------Error message-----------
2023-06-11 10:51:35,516 ERROR [main] c.e.e.e.util.AppStartupEvent - ---------Error message-----------
2023-06-11 11:04:22,806 ERROR [main] c.e.e.e.util.AppStartupEvent - ---------Error message-----------
2023-06-11 11:04:57,586 ERROR [main] c.e.e.e.util.AppStartupEvent - ---------Error message-----------
2023-06-11 11:15:12,453 ERROR [main] c.e.e.e.util.AppStartupEvent - ---------Error message-----------
2023-06-11 11:27:47,984 ERROR [main] c.e.e.e.util.AppStartupEvent - ---------Error message-----------
2023-06-11 11:38:26,329 ERROR [main] c.e.e.e.util.AppStartupEvent - ---------Error message-----------
2023-06-11 11:51:49,609 ERROR [main] c.e.e.e.util.AppStartupEvent - ---------Error message-----------
2023-06-11 12:17:43,760 ERROR [main] c.e.e.e.util.AppStartupEvent - ---------Error message-----------
2023-06-12 11:03:26,552 ERROR [main] c.e.e.e.util.AppStartupEvent - ---------Error message-----------
2023-06-12 11:08:46,256 ERROR [main] c.e.e.e.util.AppStartupEvent - ---------Error message-----------
2023-06-12 11:10:35,181 ERROR [main] c.e.e.e.util.AppStartupEvent - ---------Error message-----------
2023-06-12 11:20:45,490 ERROR [main] c.e.e.e.util.AppStartupEvent - ---------Error message-----------
2023-06-12 12:38:32,026 ERROR [main] c.e.e.e.util.AppStartupEvent - ---------Error message-----------
2023-06-12 12:46:28,536 ERROR [main] c.e.e.e.util.AppStartupEvent - ---------Error message-----------
2023-06-12 12:49:37,464 ERROR [main] c.e.e.e.util.AppStartupEvent - ---------Error message-----------
2023-06-12 12:51:11,019 ERROR [main] c.e.e.e.util.AppStartupEvent - ---------Error message-----------
2023-06-12 12:52:51,333 ERROR [main] c.e.e.e.util.AppStartupEvent - ---------Error message-----------
2023-06-12 13:04:12,802 ERROR [main] c.e.e.e.util.AppStartupEvent - ---------Error message-----------
2023-06-12 13:08:42,679 ERROR [main] c.e.e.e.util.AppStartupEvent - ---------Error message-----------
2023-06-12 13:12:56,779 ERROR [main] c.e.e.e.util.AppStartupEvent - ---------Error message-----------
2023-06-12 13:13:04,694 ERROR [main] c.e.e.e.util.AppStartupEvent - ---------Error message-----------
2023-06-12 13:16:44,289 ERROR [main] c.e.e.e.util.AppStartupEvent - ---------Error message-----------
2023-06-12 13:25:26,157 ERROR [main] c.e.e.e.util.AppStartupEvent - ---------Error message-----------
2023-06-12 13:35:32,354 ERROR [main] c.e.e.e.util.AppStartupEvent - ---------Error message-----------
2023-06-12 15:27:13,386 ERROR [main] c.e.e.e.util.AppStartupEvent - ---------Error message-----------
2023-06-13 09:09:38,358 ERROR [main] c.e.e.e.util.AppStartupEvent - ---------Error message-----------
2023-06-13 09:26:19,780 ERROR [main] c.e.e.e.util.AppStartupEvent - ---------Error message-----------
2023-06-13 09:29:25,874 ERROR [main] c.e.e.e.util.AppStartupEvent - ---------Error message-----------
2023-06-13 16:22:25,407 ERROR [main] c.e.e.e.util.AppStartupEvent - ---------Error message-----------
2023-06-13 16:31:28,792 ERROR [main] c.e.e.e.util.AppStartupEvent - ---------Error message-----------
2023-06-13 16:31:28,889 ERROR [main] c.e.e.e.util.AppStartupEvent - An error occurred: could not execute statement; SQL [n/a]; constraint [tour_pkey]
org.springframework.dao.DataIntegrityViolationException: could not execute statement; SQL [n/a]; constraint [tour_pkey]
	at org.springframework.orm.jpa.vendor.HibernateJpaDialect.convertHibernateAccessException(HibernateJpaDialect.java:270)
	at org.springframework.orm.jpa.vendor.HibernateJpaDialect.translateExceptionIfPossible(HibernateJpaDialect.java:233)
	at org.springframework.orm.jpa.JpaTransactionManager.doCommit(JpaTransactionManager.java:566)
	at org.springframework.transaction.support.AbstractPlatformTransactionManager.processCommit(AbstractPlatformTransactionManager.java:743)
	at org.springframework.transaction.support.AbstractPlatformTransactionManager.commit(AbstractPlatformTransactionManager.java:711)
	at org.springframework.transaction.interceptor.TransactionAspectSupport.commitTransactionAfterReturning(TransactionAspectSupport.java:654)
	at org.springframework.transaction.interceptor.TransactionAspectSupport.invokeWithinTransaction(TransactionAspectSupport.java:407)
	at org.springframework.transaction.interceptor.TransactionInterceptor.invoke(TransactionInterceptor.java:119)
	at org.springframework.aop.framework.ReflectiveMethodInvocation.proceed(ReflectiveMethodInvocation.java:184)
	at org.springframework.dao.support.PersistenceExceptionTranslationInterceptor.invoke(PersistenceExceptionTranslationInterceptor.java:137)
	at org.springframework.aop.framework.ReflectiveMethodInvocation.proceed(ReflectiveMethodInvocation.java:184)
	at org.springframework.data.jpa.repository.support.CrudMethodMetadataPostProcessor$CrudMethodMetadataPopulatingMethodInterceptor.invoke(CrudMethodMetadataPostProcessor.java:163)
	at org.springframework.aop.framework.ReflectiveMethodInvocation.proceed(ReflectiveMethodInvocation.java:184)
	at org.springframework.aop.interceptor.ExposeInvocationInterceptor.invoke(ExposeInvocationInterceptor.java:97)
	at org.springframework.aop.framework.ReflectiveMethodInvocation.proceed(ReflectiveMethodInvocation.java:184)
	at org.springframework.aop.framework.JdkDynamicAopProxy.invoke(JdkDynamicAopProxy.java:218)
	at jdk.proxy2/jdk.proxy2.$Proxy130.save(Unknown Source)
	at com.example.ec.explorecli.service.TourService.createTour(TourService.java:48)
	at com.example.ec.explorecli.util.CreateTours.lambda$createTour$0(CreateTours.java:24)
	at java.base/java.util.ArrayList.forEach(ArrayList.java:1511)
	at com.example.ec.explorecli.util.CreateTours.createTour(CreateTours.java:23)
	at com.example.ec.explorecli.util.AppStartupEvent.onApplicationEvent(AppStartupEvent.java:45)
	at com.example.ec.explorecli.util.AppStartupEvent.onApplicationEvent(AppStartupEvent.java:15)
	at org.springframework.context.event.SimpleApplicationEventMulticaster.doInvokeListener(SimpleApplicationEventMulticaster.java:176)
	at org.springframework.context.event.SimpleApplicationEventMulticaster.invokeListener(SimpleApplicationEventMulticaster.java:169)
	at org.springframework.context.event.SimpleApplicationEventMulticaster.multicastEvent(SimpleApplicationEventMulticaster.java:143)
	at org.springframework.context.support.AbstractApplicationContext.publishEvent(AbstractApplicationContext.java:413)
	at org.springframework.context.support.AbstractApplicationContext.publishEvent(AbstractApplicationContext.java:370)
	at org.springframework.boot.context.event.EventPublishingRunListener.ready(EventPublishingRunListener.java:109)
	at org.springframework.boot.SpringApplicationRunListeners.lambda$ready$6(SpringApplicationRunListeners.java:80)
	at java.base/java.lang.Iterable.forEach(Iterable.java:75)
	at org.springframework.boot.SpringApplicationRunListeners.doWithListeners(SpringApplicationRunListeners.java:118)
	at org.springframework.boot.SpringApplicationRunListeners.doWithListeners(SpringApplicationRunListeners.java:112)
	at org.springframework.boot.SpringApplicationRunListeners.ready(SpringApplicationRunListeners.java:80)
	at org.springframework.boot.SpringApplication.run(SpringApplication.java:327)
	at org.springframework.boot.test.context.SpringBootContextLoader.lambda$loadContext$3(SpringBootContextLoader.java:137)
	at org.springframework.util.function.ThrowingSupplier.get(ThrowingSupplier.java:59)
	at org.springframework.util.function.ThrowingSupplier.get(ThrowingSupplier.java:47)
	at org.springframework.boot.SpringApplication.withHook(SpringApplication.java:1386)
	at org.springframework.boot.test.context.SpringBootContextLoader$ContextLoaderHook.run(SpringBootContextLoader.java:543)
	at org.springframework.boot.test.context.SpringBootContextLoader.loadContext(SpringBootContextLoader.java:137)
	at org.springframework.boot.test.context.SpringBootContextLoader.loadContext(SpringBootContextLoader.java:108)
	at org.springframework.test.context.cache.DefaultCacheAwareContextLoaderDelegate.loadContextInternal(DefaultCacheAwareContextLoaderDelegate.java:183)
	at org.springframework.test.context.cache.DefaultCacheAwareContextLoaderDelegate.loadContext(DefaultCacheAwareContextLoaderDelegate.java:117)
	at org.springframework.test.context.support.DefaultTestContext.getApplicationContext(DefaultTestContext.java:127)
	at org.springframework.test.context.web.ServletTestExecutionListener.setUpRequestContextIfNecessary(ServletTestExecutionListener.java:192)
	at org.springframework.test.context.web.ServletTestExecutionListener.prepareTestInstance(ServletTestExecutionListener.java:131)
	at org.springframework.test.context.TestContextManager.prepareTestInstance(TestContextManager.java:249)
	at org.springframework.test.context.junit.jupiter.SpringExtension.postProcessTestInstance(SpringExtension.java:138)
	at org.junit.jupiter.engine.descriptor.ClassBasedTestDescriptor.lambda$invokeTestInstancePostProcessors$10(ClassBasedTestDescriptor.java:377)
	at org.junit.jupiter.engine.descriptor.ClassBasedTestDescriptor.executeAndMaskThrowable(ClassBasedTestDescriptor.java:382)
	at org.junit.jupiter.engine.descriptor.ClassBasedTestDescriptor.lambda$invokeTestInstancePostProcessors$11(ClassBasedTestDescriptor.java:377)
	at java.base/java.util.stream.ReferencePipeline$3$1.accept(ReferencePipeline.java:197)
	at java.base/java.util.stream.ReferencePipeline$2$1.accept(ReferencePipeline.java:179)
	at java.base/java.util.ArrayList$ArrayListSpliterator.forEachRemaining(ArrayList.java:1625)
	at java.base/java.util.stream.AbstractPipeline.copyInto(AbstractPipeline.java:509)
	at java.base/java.util.stream.AbstractPipeline.wrapAndCopyInto(AbstractPipeline.java:499)
	at java.base/java.util.stream.StreamSpliterators$WrappingSpliterator.forEachRemaining(StreamSpliterators.java:310)
	at java.base/java.util.stream.Streams$ConcatSpliterator.forEachRemaining(Streams.java:735)
	at java.base/java.util.stream.Streams$ConcatSpliterator.forEachRemaining(Streams.java:734)
	at java.base/java.util.stream.ReferencePipeline$Head.forEach(ReferencePipeline.java:762)
	at org.junit.jupiter.engine.descriptor.ClassBasedTestDescriptor.invokeTestInstancePostProcessors(ClassBasedTestDescriptor.java:376)
	at org.junit.jupiter.engine.descriptor.ClassBasedTestDescriptor.lambda$instantiateAndPostProcessTestInstance$6(ClassBasedTestDescriptor.java:289)
	at org.junit.platform.engine.support.hierarchical.ThrowableCollector.execute(ThrowableCollector.java:73)
	at org.junit.jupiter.engine.descriptor.ClassBasedTestDescriptor.instantiateAndPostProcessTestInstance(ClassBasedTestDescriptor.java:288)
	at org.junit.jupiter.engine.descriptor.ClassBasedTestDescriptor.lambda$testInstancesProvider$4(ClassBasedTestDescriptor.java:278)
	at java.base/java.util.Optional.orElseGet(Optional.java:364)
	at org.junit.jupiter.engine.descriptor.ClassBasedTestDescriptor.lambda$testInstancesProvider$5(ClassBasedTestDescriptor.java:277)
	at org.junit.jupiter.engine.execution.TestInstancesProvider.getTestInstances(TestInstancesProvider.java:31)
	at org.junit.jupiter.engine.descriptor.TestMethodTestDescriptor.lambda$prepare$0(TestMethodTestDescriptor.java:105)
	at org.junit.platform.engine.support.hierarchical.ThrowableCollector.execute(ThrowableCollector.java:73)
	at org.junit.jupiter.engine.descriptor.TestMethodTestDescriptor.prepare(TestMethodTestDescriptor.java:104)
	at org.junit.jupiter.engine.descriptor.TestMethodTestDescriptor.prepare(TestMethodTestDescriptor.java:68)
	at org.junit.platform.engine.support.hierarchical.NodeTestTask.lambda$prepare$2(NodeTestTask.java:123)
	at org.junit.platform.engine.support.hierarchical.ThrowableCollector.execute(ThrowableCollector.java:73)
	at org.junit.platform.engine.support.hierarchical.NodeTestTask.prepare(NodeTestTask.java:123)
	at org.junit.platform.engine.support.hierarchical.NodeTestTask.execute(NodeTestTask.java:90)
	at java.base/java.util.ArrayList.forEach(ArrayList.java:1511)
	at org.junit.platform.engine.support.hierarchical.SameThreadHierarchicalTestExecutorService.invokeAll(SameThreadHierarchicalTestExecutorService.java:41)
	at org.junit.platform.engine.support.hierarchical.NodeTestTask.lambda$executeRecursively$6(NodeTestTask.java:155)
	at org.junit.platform.engine.support.hierarchical.ThrowableCollector.execute(ThrowableCollector.java:73)
	at org.junit.platform.engine.support.hierarchical.NodeTestTask.lambda$executeRecursively$8(NodeTestTask.java:141)
	at org.junit.platform.engine.support.hierarchical.Node.around(Node.java:137)
	at org.junit.platform.engine.support.hierarchical.NodeTestTask.lambda$executeRecursively$9(NodeTestTask.java:139)
	at org.junit.platform.engine.support.hierarchical.ThrowableCollector.execute(ThrowableCollector.java:73)
	at org.junit.platform.engine.support.hierarchical.NodeTestTask.executeRecursively(NodeTestTask.java:138)
	at org.junit.platform.engine.support.hierarchical.NodeTestTask.execute(NodeTestTask.java:95)
	at java.base/java.util.ArrayList.forEach(ArrayList.java:1511)
	at org.junit.platform.engine.support.hierarchical.SameThreadHierarchicalTestExecutorService.invokeAll(SameThreadHierarchicalTestExecutorService.java:41)
	at org.junit.platform.engine.support.hierarchical.NodeTestTask.lambda$executeRecursively$6(NodeTestTask.java:155)
	at org.junit.platform.engine.support.hierarchical.ThrowableCollector.execute(ThrowableCollector.java:73)
	at org.junit.platform.engine.support.hierarchical.NodeTestTask.lambda$executeRecursively$8(NodeTestTask.java:141)
	at org.junit.platform.engine.support.hierarchical.Node.around(Node.java:137)
	at org.junit.platform.engine.support.hierarchical.NodeTestTask.lambda$executeRecursively$9(NodeTestTask.java:139)
	at org.junit.platform.engine.support.hierarchical.ThrowableCollector.execute(ThrowableCollector.java:73)
	at org.junit.platform.engine.support.hierarchical.NodeTestTask.executeRecursively(NodeTestTask.java:138)
	at org.junit.platform.engine.support.hierarchical.NodeTestTask.execute(NodeTestTask.java:95)
	at org.junit.platform.engine.support.hierarchical.SameThreadHierarchicalTestExecutorService.submit(SameThreadHierarchicalTestExecutorService.java:35)
	at org.junit.platform.engine.support.hierarchical.HierarchicalTestExecutor.execute(HierarchicalTestExecutor.java:57)
	at org.junit.platform.engine.support.hierarchical.HierarchicalTestEngine.execute(HierarchicalTestEngine.java:54)
	at org.junit.platform.launcher.core.DefaultLauncher.execute(DefaultLauncher.java:220)
	at org.junit.platform.launcher.core.DefaultLauncher.lambda$execute$6(DefaultLauncher.java:188)
	at org.junit.platform.launcher.core.DefaultLauncher.withInterceptedStreams(DefaultLauncher.java:202)
	at org.junit.platform.launcher.core.DefaultLauncher.execute(DefaultLauncher.java:181)
	at org.junit.platform.launcher.core.DefaultLauncher.execute(DefaultLauncher.java:128)
	at org.apache.maven.surefire.junitplatform.JUnitPlatformProvider.invokeAllTests(JUnitPlatformProvider.java:150)
	at org.apache.maven.surefire.junitplatform.JUnitPlatformProvider.invoke(JUnitPlatformProvider.java:124)
	at org.apache.maven.surefire.booter.ForkedBooter.invokeProviderInSameClassLoader(ForkedBooter.java:384)
	at org.apache.maven.surefire.booter.ForkedBooter.runSuitesInProcess(ForkedBooter.java:345)
	at org.apache.maven.surefire.booter.ForkedBooter.execute(ForkedBooter.java:126)
	at org.apache.maven.surefire.booter.ForkedBooter.main(ForkedBooter.java:418)
Caused by: org.hibernate.exception.ConstraintViolationException: could not execute statement
	at org.hibernate.exception.internal.SQLStateConversionDelegate.convert(SQLStateConversionDelegate.java:95)
	at org.hibernate.exception.internal.StandardSQLExceptionConverter.convert(StandardSQLExceptionConverter.java:56)
	at org.hibernate.engine.jdbc.spi.SqlExceptionHelper.convert(SqlExceptionHelper.java:109)
	at org.hibernate.engine.jdbc.spi.SqlExceptionHelper.convert(SqlExceptionHelper.java:95)
	at org.hibernate.engine.jdbc.internal.ResultSetReturnImpl.executeUpdate(ResultSetReturnImpl.java:200)
	at org.hibernate.engine.jdbc.batch.internal.NonBatchingBatch.addToBatch(NonBatchingBatch.java:39)
	at org.hibernate.persister.entity.AbstractEntityPersister.insert(AbstractEntityPersister.java:3386)
	at org.hibernate.persister.entity.AbstractEntityPersister.insert(AbstractEntityPersister.java:3991)
	at org.hibernate.action.internal.EntityInsertAction.execute(EntityInsertAction.java:103)
	at org.hibernate.engine.spi.ActionQueue.executeActions(ActionQueue.java:612)
	at org.hibernate.engine.spi.ActionQueue.lambda$executeActions$1(ActionQueue.java:483)
	at java.base/java.util.LinkedHashMap.forEach(LinkedHashMap.java:729)
	at org.hibernate.engine.spi.ActionQueue.executeActions(ActionQueue.java:480)
	at org.hibernate.event.internal.AbstractFlushingEventListener.performExecutions(AbstractFlushingEventListener.java:329)
	at org.hibernate.event.internal.DefaultFlushEventListener.onFlush(DefaultFlushEventListener.java:39)
	at org.hibernate.event.service.internal.EventListenerGroupImpl.fireEventOnEachListener(EventListenerGroupImpl.java:107)
	at org.hibernate.internal.SessionImpl.doFlush(SessionImpl.java:1422)
	at org.hibernate.internal.SessionImpl.managedFlush(SessionImpl.java:476)
	at org.hibernate.internal.SessionImpl.flushBeforeTransactionCompletion(SessionImpl.java:2233)
	at org.hibernate.internal.SessionImpl.beforeTransactionCompletion(SessionImpl.java:1929)
	at org.hibernate.engine.jdbc.internal.JdbcCoordinatorImpl.beforeTransactionCompletion(JdbcCoordinatorImpl.java:439)
	at org.hibernate.resource.transaction.backend.jdbc.internal.JdbcResourceLocalTransactionCoordinatorImpl.beforeCompletionCallback(JdbcResourceLocalTransactionCoordinatorImpl.java:183)
	at org.hibernate.resource.transaction.backend.jdbc.internal.JdbcResourceLocalTransactionCoordinatorImpl$TransactionDriverControlImpl.commit(JdbcResourceLocalTransactionCoordinatorImpl.java:281)
	at org.hibernate.engine.transaction.internal.TransactionImpl.commit(TransactionImpl.java:101)
	at org.springframework.orm.jpa.JpaTransactionManager.doCommit(JpaTransactionManager.java:562)
	... 108 common frames omitted
Caused by: org.postgresql.util.PSQLException: ERROR: duplicate key value violates unique constraint "tour_pkey"
  Detail: Key (id)=(1) already exists.
	at org.postgresql.core.v3.QueryExecutorImpl.receiveErrorResponse(QueryExecutorImpl.java:2676)
	at org.postgresql.core.v3.QueryExecutorImpl.processResults(QueryExecutorImpl.java:2366)
	at org.postgresql.core.v3.QueryExecutorImpl.execute(QueryExecutorImpl.java:356)
	at org.postgresql.jdbc.PgStatement.executeInternal(PgStatement.java:496)
	at org.postgresql.jdbc.PgStatement.execute(PgStatement.java:413)
	at org.postgresql.jdbc.PgPreparedStatement.executeWithFlags(PgPreparedStatement.java:190)
	at org.postgresql.jdbc.PgPreparedStatement.executeUpdate(PgPreparedStatement.java:152)
	at com.zaxxer.hikari.pool.ProxyPreparedStatement.executeUpdate(ProxyPreparedStatement.java:61)
	at com.zaxxer.hikari.pool.HikariProxyPreparedStatement.executeUpdate(HikariProxyPreparedStatement.java)
	at org.hibernate.engine.jdbc.internal.ResultSetReturnImpl.executeUpdate(ResultSetReturnImpl.java:197)
	... 128 common frames omitted
2023-06-13 16:32:43,458 ERROR [main] c.e.e.e.util.AppStartupEvent - ---------Error message-----------
2023-06-13 16:32:43,590 ERROR [main] c.e.e.e.util.AppStartupEvent - An error occurred: could not execute statement; SQL [n/a]; constraint [tour_pkey]
org.springframework.dao.DataIntegrityViolationException: could not execute statement; SQL [n/a]; constraint [tour_pkey]
	at org.springframework.orm.jpa.vendor.HibernateJpaDialect.convertHibernateAccessException(HibernateJpaDialect.java:270)
	at org.springframework.orm.jpa.vendor.HibernateJpaDialect.translateExceptionIfPossible(HibernateJpaDialect.java:233)
	at org.springframework.orm.jpa.JpaTransactionManager.doCommit(JpaTransactionManager.java:566)
	at org.springframework.transaction.support.AbstractPlatformTransactionManager.processCommit(AbstractPlatformTransactionManager.java:743)
	at org.springframework.transaction.support.AbstractPlatformTransactionManager.commit(AbstractPlatformTransactionManager.java:711)
	at org.springframework.transaction.interceptor.TransactionAspectSupport.commitTransactionAfterReturning(TransactionAspectSupport.java:654)
	at org.springframework.transaction.interceptor.TransactionAspectSupport.invokeWithinTransaction(TransactionAspectSupport.java:407)
	at org.springframework.transaction.interceptor.TransactionInterceptor.invoke(TransactionInterceptor.java:119)
	at org.springframework.aop.framework.ReflectiveMethodInvocation.proceed(ReflectiveMethodInvocation.java:184)
	at org.springframework.dao.support.PersistenceExceptionTranslationInterceptor.invoke(PersistenceExceptionTranslationInterceptor.java:137)
	at org.springframework.aop.framework.ReflectiveMethodInvocation.proceed(ReflectiveMethodInvocation.java:184)
	at org.springframework.data.jpa.repository.support.CrudMethodMetadataPostProcessor$CrudMethodMetadataPopulatingMethodInterceptor.invoke(CrudMethodMetadataPostProcessor.java:163)
	at org.springframework.aop.framework.ReflectiveMethodInvocation.proceed(ReflectiveMethodInvocation.java:184)
	at org.springframework.aop.interceptor.ExposeInvocationInterceptor.invoke(ExposeInvocationInterceptor.java:97)
	at org.springframework.aop.framework.ReflectiveMethodInvocation.proceed(ReflectiveMethodInvocation.java:184)
	at org.springframework.aop.framework.JdkDynamicAopProxy.invoke(JdkDynamicAopProxy.java:218)
	at jdk.proxy2/jdk.proxy2.$Proxy130.save(Unknown Source)
	at com.example.ec.explorecli.service.TourService.createTour(TourService.java:48)
	at com.example.ec.explorecli.util.CreateTours.lambda$createTour$0(CreateTours.java:24)
	at java.base/java.util.ArrayList.forEach(ArrayList.java:1511)
	at com.example.ec.explorecli.util.CreateTours.createTour(CreateTours.java:23)
	at com.example.ec.explorecli.util.AppStartupEvent.onApplicationEvent(AppStartupEvent.java:45)
	at com.example.ec.explorecli.util.AppStartupEvent.onApplicationEvent(AppStartupEvent.java:15)
	at org.springframework.context.event.SimpleApplicationEventMulticaster.doInvokeListener(SimpleApplicationEventMulticaster.java:176)
	at org.springframework.context.event.SimpleApplicationEventMulticaster.invokeListener(SimpleApplicationEventMulticaster.java:169)
	at org.springframework.context.event.SimpleApplicationEventMulticaster.multicastEvent(SimpleApplicationEventMulticaster.java:143)
	at org.springframework.context.support.AbstractApplicationContext.publishEvent(AbstractApplicationContext.java:413)
	at org.springframework.context.support.AbstractApplicationContext.publishEvent(AbstractApplicationContext.java:370)
	at org.springframework.boot.context.event.EventPublishingRunListener.ready(EventPublishingRunListener.java:109)
	at org.springframework.boot.SpringApplicationRunListeners.lambda$ready$6(SpringApplicationRunListeners.java:80)
	at java.base/java.lang.Iterable.forEach(Iterable.java:75)
	at org.springframework.boot.SpringApplicationRunListeners.doWithListeners(SpringApplicationRunListeners.java:118)
	at org.springframework.boot.SpringApplicationRunListeners.doWithListeners(SpringApplicationRunListeners.java:112)
	at org.springframework.boot.SpringApplicationRunListeners.ready(SpringApplicationRunListeners.java:80)
	at org.springframework.boot.SpringApplication.run(SpringApplication.java:327)
	at org.springframework.boot.test.context.SpringBootContextLoader.lambda$loadContext$3(SpringBootContextLoader.java:137)
	at org.springframework.util.function.ThrowingSupplier.get(ThrowingSupplier.java:59)
	at org.springframework.util.function.ThrowingSupplier.get(ThrowingSupplier.java:47)
	at org.springframework.boot.SpringApplication.withHook(SpringApplication.java:1386)
	at org.springframework.boot.test.context.SpringBootContextLoader$ContextLoaderHook.run(SpringBootContextLoader.java:543)
	at org.springframework.boot.test.context.SpringBootContextLoader.loadContext(SpringBootContextLoader.java:137)
	at org.springframework.boot.test.context.SpringBootContextLoader.loadContext(SpringBootContextLoader.java:108)
	at org.springframework.test.context.cache.DefaultCacheAwareContextLoaderDelegate.loadContextInternal(DefaultCacheAwareContextLoaderDelegate.java:183)
	at org.springframework.test.context.cache.DefaultCacheAwareContextLoaderDelegate.loadContext(DefaultCacheAwareContextLoaderDelegate.java:117)
	at org.springframework.test.context.support.DefaultTestContext.getApplicationContext(DefaultTestContext.java:127)
	at org.springframework.test.context.web.ServletTestExecutionListener.setUpRequestContextIfNecessary(ServletTestExecutionListener.java:192)
	at org.springframework.test.context.web.ServletTestExecutionListener.prepareTestInstance(ServletTestExecutionListener.java:131)
	at org.springframework.test.context.TestContextManager.prepareTestInstance(TestContextManager.java:249)
	at org.springframework.test.context.junit.jupiter.SpringExtension.postProcessTestInstance(SpringExtension.java:138)
	at org.junit.jupiter.engine.descriptor.ClassBasedTestDescriptor.lambda$invokeTestInstancePostProcessors$10(ClassBasedTestDescriptor.java:377)
	at org.junit.jupiter.engine.descriptor.ClassBasedTestDescriptor.executeAndMaskThrowable(ClassBasedTestDescriptor.java:382)
	at org.junit.jupiter.engine.descriptor.ClassBasedTestDescriptor.lambda$invokeTestInstancePostProcessors$11(ClassBasedTestDescriptor.java:377)
	at java.base/java.util.stream.ReferencePipeline$3$1.accept(ReferencePipeline.java:197)
	at java.base/java.util.stream.ReferencePipeline$2$1.accept(ReferencePipeline.java:179)
	at java.base/java.util.ArrayList$ArrayListSpliterator.forEachRemaining(ArrayList.java:1625)
	at java.base/java.util.stream.AbstractPipeline.copyInto(AbstractPipeline.java:509)
	at java.base/java.util.stream.AbstractPipeline.wrapAndCopyInto(AbstractPipeline.java:499)
	at java.base/java.util.stream.StreamSpliterators$WrappingSpliterator.forEachRemaining(StreamSpliterators.java:310)
	at java.base/java.util.stream.Streams$ConcatSpliterator.forEachRemaining(Streams.java:735)
	at java.base/java.util.stream.Streams$ConcatSpliterator.forEachRemaining(Streams.java:734)
	at java.base/java.util.stream.ReferencePipeline$Head.forEach(ReferencePipeline.java:762)
	at org.junit.jupiter.engine.descriptor.ClassBasedTestDescriptor.invokeTestInstancePostProcessors(ClassBasedTestDescriptor.java:376)
	at org.junit.jupiter.engine.descriptor.ClassBasedTestDescriptor.lambda$instantiateAndPostProcessTestInstance$6(ClassBasedTestDescriptor.java:289)
	at org.junit.platform.engine.support.hierarchical.ThrowableCollector.execute(ThrowableCollector.java:73)
	at org.junit.jupiter.engine.descriptor.ClassBasedTestDescriptor.instantiateAndPostProcessTestInstance(ClassBasedTestDescriptor.java:288)
	at org.junit.jupiter.engine.descriptor.ClassBasedTestDescriptor.lambda$testInstancesProvider$4(ClassBasedTestDescriptor.java:278)
	at java.base/java.util.Optional.orElseGet(Optional.java:364)
	at org.junit.jupiter.engine.descriptor.ClassBasedTestDescriptor.lambda$testInstancesProvider$5(ClassBasedTestDescriptor.java:277)
	at org.junit.jupiter.engine.execution.TestInstancesProvider.getTestInstances(TestInstancesProvider.java:31)
	at org.junit.jupiter.engine.descriptor.TestMethodTestDescriptor.lambda$prepare$0(TestMethodTestDescriptor.java:105)
	at org.junit.platform.engine.support.hierarchical.ThrowableCollector.execute(ThrowableCollector.java:73)
	at org.junit.jupiter.engine.descriptor.TestMethodTestDescriptor.prepare(TestMethodTestDescriptor.java:104)
	at org.junit.jupiter.engine.descriptor.TestMethodTestDescriptor.prepare(TestMethodTestDescriptor.java:68)
	at org.junit.platform.engine.support.hierarchical.NodeTestTask.lambda$prepare$2(NodeTestTask.java:123)
	at org.junit.platform.engine.support.hierarchical.ThrowableCollector.execute(ThrowableCollector.java:73)
	at org.junit.platform.engine.support.hierarchical.NodeTestTask.prepare(NodeTestTask.java:123)
	at org.junit.platform.engine.support.hierarchical.NodeTestTask.execute(NodeTestTask.java:90)
	at java.base/java.util.ArrayList.forEach(ArrayList.java:1511)
	at org.junit.platform.engine.support.hierarchical.SameThreadHierarchicalTestExecutorService.invokeAll(SameThreadHierarchicalTestExecutorService.java:41)
	at org.junit.platform.engine.support.hierarchical.NodeTestTask.lambda$executeRecursively$6(NodeTestTask.java:155)
	at org.junit.platform.engine.support.hierarchical.ThrowableCollector.execute(ThrowableCollector.java:73)
	at org.junit.platform.engine.support.hierarchical.NodeTestTask.lambda$executeRecursively$8(NodeTestTask.java:141)
	at org.junit.platform.engine.support.hierarchical.Node.around(Node.java:137)
	at org.junit.platform.engine.support.hierarchical.NodeTestTask.lambda$executeRecursively$9(NodeTestTask.java:139)
	at org.junit.platform.engine.support.hierarchical.ThrowableCollector.execute(ThrowableCollector.java:73)
	at org.junit.platform.engine.support.hierarchical.NodeTestTask.executeRecursively(NodeTestTask.java:138)
	at org.junit.platform.engine.support.hierarchical.NodeTestTask.execute(NodeTestTask.java:95)
	at java.base/java.util.ArrayList.forEach(ArrayList.java:1511)
	at org.junit.platform.engine.support.hierarchical.SameThreadHierarchicalTestExecutorService.invokeAll(SameThreadHierarchicalTestExecutorService.java:41)
	at org.junit.platform.engine.support.hierarchical.NodeTestTask.lambda$executeRecursively$6(NodeTestTask.java:155)
	at org.junit.platform.engine.support.hierarchical.ThrowableCollector.execute(ThrowableCollector.java:73)
	at org.junit.platform.engine.support.hierarchical.NodeTestTask.lambda$executeRecursively$8(NodeTestTask.java:141)
	at org.junit.platform.engine.support.hierarchical.Node.around(Node.java:137)
	at org.junit.platform.engine.support.hierarchical.NodeTestTask.lambda$executeRecursively$9(NodeTestTask.java:139)
	at org.junit.platform.engine.support.hierarchical.ThrowableCollector.execute(ThrowableCollector.java:73)
	at org.junit.platform.engine.support.hierarchical.NodeTestTask.executeRecursively(NodeTestTask.java:138)
	at org.junit.platform.engine.support.hierarchical.NodeTestTask.execute(NodeTestTask.java:95)
	at org.junit.platform.engine.support.hierarchical.SameThreadHierarchicalTestExecutorService.submit(SameThreadHierarchicalTestExecutorService.java:35)
	at org.junit.platform.engine.support.hierarchical.HierarchicalTestExecutor.execute(HierarchicalTestExecutor.java:57)
	at org.junit.platform.engine.support.hierarchical.HierarchicalTestEngine.execute(HierarchicalTestEngine.java:54)
	at org.junit.platform.launcher.core.DefaultLauncher.execute(DefaultLauncher.java:220)
	at org.junit.platform.launcher.core.DefaultLauncher.lambda$execute$6(DefaultLauncher.java:188)
	at org.junit.platform.launcher.core.DefaultLauncher.withInterceptedStreams(DefaultLauncher.java:202)
	at org.junit.platform.launcher.core.DefaultLauncher.execute(DefaultLauncher.java:181)
	at org.junit.platform.launcher.core.DefaultLauncher.execute(DefaultLauncher.java:128)
	at org.apache.maven.surefire.junitplatform.JUnitPlatformProvider.invokeAllTests(JUnitPlatformProvider.java:150)
	at org.apache.maven.surefire.junitplatform.JUnitPlatformProvider.invoke(JUnitPlatformProvider.java:124)
	at org.apache.maven.surefire.booter.ForkedBooter.invokeProviderInSameClassLoader(ForkedBooter.java:384)
	at org.apache.maven.surefire.booter.ForkedBooter.runSuitesInProcess(ForkedBooter.java:345)
	at org.apache.maven.surefire.booter.ForkedBooter.execute(ForkedBooter.java:126)
	at org.apache.maven.surefire.booter.ForkedBooter.main(ForkedBooter.java:418)
Caused by: org.hibernate.exception.ConstraintViolationException: could not execute statement
	at org.hibernate.exception.internal.SQLStateConversionDelegate.convert(SQLStateConversionDelegate.java:95)
	at org.hibernate.exception.internal.StandardSQLExceptionConverter.convert(StandardSQLExceptionConverter.java:56)
	at org.hibernate.engine.jdbc.spi.SqlExceptionHelper.convert(SqlExceptionHelper.java:109)
	at org.hibernate.engine.jdbc.spi.SqlExceptionHelper.convert(SqlExceptionHelper.java:95)
	at org.hibernate.engine.jdbc.internal.ResultSetReturnImpl.executeUpdate(ResultSetReturnImpl.java:200)
	at org.hibernate.engine.jdbc.batch.internal.NonBatchingBatch.addToBatch(NonBatchingBatch.java:39)
	at org.hibernate.persister.entity.AbstractEntityPersister.insert(AbstractEntityPersister.java:3386)
	at org.hibernate.persister.entity.AbstractEntityPersister.insert(AbstractEntityPersister.java:3991)
	at org.hibernate.action.internal.EntityInsertAction.execute(EntityInsertAction.java:103)
	at org.hibernate.engine.spi.ActionQueue.executeActions(ActionQueue.java:612)
	at org.hibernate.engine.spi.ActionQueue.lambda$executeActions$1(ActionQueue.java:483)
	at java.base/java.util.LinkedHashMap.forEach(LinkedHashMap.java:729)
	at org.hibernate.engine.spi.ActionQueue.executeActions(ActionQueue.java:480)
	at org.hibernate.event.internal.AbstractFlushingEventListener.performExecutions(AbstractFlushingEventListener.java:329)
	at org.hibernate.event.internal.DefaultFlushEventListener.onFlush(DefaultFlushEventListener.java:39)
	at org.hibernate.event.service.internal.EventListenerGroupImpl.fireEventOnEachListener(EventListenerGroupImpl.java:107)
	at org.hibernate.internal.SessionImpl.doFlush(SessionImpl.java:1422)
	at org.hibernate.internal.SessionImpl.managedFlush(SessionImpl.java:476)
	at org.hibernate.internal.SessionImpl.flushBeforeTransactionCompletion(SessionImpl.java:2233)
	at org.hibernate.internal.SessionImpl.beforeTransactionCompletion(SessionImpl.java:1929)
	at org.hibernate.engine.jdbc.internal.JdbcCoordinatorImpl.beforeTransactionCompletion(JdbcCoordinatorImpl.java:439)
	at org.hibernate.resource.transaction.backend.jdbc.internal.JdbcResourceLocalTransactionCoordinatorImpl.beforeCompletionCallback(JdbcResourceLocalTransactionCoordinatorImpl.java:183)
	at org.hibernate.resource.transaction.backend.jdbc.internal.JdbcResourceLocalTransactionCoordinatorImpl$TransactionDriverControlImpl.commit(JdbcResourceLocalTransactionCoordinatorImpl.java:281)
	at org.hibernate.engine.transaction.internal.TransactionImpl.commit(TransactionImpl.java:101)
	at org.springframework.orm.jpa.JpaTransactionManager.doCommit(JpaTransactionManager.java:562)
	... 108 common frames omitted
Caused by: org.postgresql.util.PSQLException: ERROR: duplicate key value violates unique constraint "tour_pkey"
  Detail: Key (id)=(2) already exists.
	at org.postgresql.core.v3.QueryExecutorImpl.receiveErrorResponse(QueryExecutorImpl.java:2676)
	at org.postgresql.core.v3.QueryExecutorImpl.processResults(QueryExecutorImpl.java:2366)
	at org.postgresql.core.v3.QueryExecutorImpl.execute(QueryExecutorImpl.java:356)
	at org.postgresql.jdbc.PgStatement.executeInternal(PgStatement.java:496)
	at org.postgresql.jdbc.PgStatement.execute(PgStatement.java:413)
	at org.postgresql.jdbc.PgPreparedStatement.executeWithFlags(PgPreparedStatement.java:190)
	at org.postgresql.jdbc.PgPreparedStatement.executeUpdate(PgPreparedStatement.java:152)
	at com.zaxxer.hikari.pool.ProxyPreparedStatement.executeUpdate(ProxyPreparedStatement.java:61)
	at com.zaxxer.hikari.pool.HikariProxyPreparedStatement.executeUpdate(HikariProxyPreparedStatement.java)
	at org.hibernate.engine.jdbc.internal.ResultSetReturnImpl.executeUpdate(ResultSetReturnImpl.java:197)
	... 128 common frames omitted
2023-06-13 16:34:56,537 ERROR [main] c.e.e.e.util.AppStartupEvent - ---------Error message-----------
2023-06-13 16:35:20,226 ERROR [main] c.e.e.e.util.AppStartupEvent - ---------Error message-----------
2023-06-13 16:36:49,950 ERROR [main] c.e.e.e.util.AppStartupEvent - ---------Error message-----------
2023-06-13 16:37:11,045 ERROR [main] c.e.e.e.util.AppStartupEvent - ---------Error message-----------
2023-06-13 16:40:30,504 ERROR [main] c.e.e.e.util.AppStartupEvent - ---------Error message-----------
2023-06-13 16:43:51,192 ERROR [main] c.e.e.e.util.AppStartupEvent - ---------Error message-----------
2023-06-13 17:04:15,717 ERROR [main] c.e.e.e.util.AppStartupEvent - ---------Error message-----------
2023-06-13 17:07:40,200 ERROR [main] c.e.e.e.util.AppStartupEvent - ---------Error message-----------
2023-06-13 17:20:08,290 ERROR [main] c.e.e.e.util.AppStartupEvent - ---------Error message-----------
2023-06-13 17:20:15,966 ERROR [main] c.e.e.e.util.AppStartupEvent - ---------Error message-----------
2023-06-13 17:22:40,350 ERROR [main] c.e.e.e.util.AppStartupEvent - ---------Error message-----------
2023-06-13 17:23:10,954 ERROR [main] c.e.e.e.util.AppStartupEvent - ---------Error message-----------
2023-06-13 17:26:24,650 ERROR [main] c.e.e.e.util.AppStartupEvent - ---------Error message-----------
2023-06-13 17:26:33,064 ERROR [main] c.e.e.e.util.AppStartupEvent - ---------Error message-----------
2023-06-13 17:31:19,158 ERROR [main] c.e.e.e.util.AppStartupEvent - ---------Error message-----------
2023-06-13 17:33:48,262 ERROR [main] c.e.e.e.util.AppStartupEvent - ---------Error message-----------
2023-06-13 17:33:55,378 ERROR [main] c.e.e.e.util.AppStartupEvent - ---------Error message-----------
2023-06-13 17:36:30,968 ERROR [main] c.e.e.e.util.AppStartupEvent - ---------Error message-----------
2023-06-13 17:37:11,321 ERROR [main] c.e.e.e.util.AppStartupEvent - ---------Error message-----------
2023-06-13 17:38:40,727 ERROR [main] c.e.e.e.util.AppStartupEvent - ---------Error message-----------
2023-06-13 17:39:10,995 ERROR [main] c.e.e.e.util.AppStartupEvent - ---------Error message-----------
2023-06-13 17:39:39,253 ERROR [main] c.e.e.e.util.AppStartupEvent - ---------Error message-----------
2023-06-13 17:40:05,544 ERROR [main] c.e.e.e.util.AppStartupEvent - ---------Error message-----------
2023-06-13 17:46:04,810 ERROR [main] c.e.e.e.util.AppStartupEvent - ---------Error message-----------
2023-06-13 17:46:16,929 ERROR [main] c.e.e.e.util.AppStartupEvent - ---------Error message-----------
